<data>
  <test>
    <first>
      <only-in-first>
        <mumble>
          <jumble>
            <gumble>test</gumble>
          </jumble>
        </mumble>
        <frumble>
          <jumble>
            <gumble>test</gumble>
          </jumble>
        </frumble>
      </only-in-first>
      <not-the-same>
        <a>alpha</a>
        <b>bravo</b>
        <c>charlie</c>
      </not-the-same>
      <also-not-the-same>
        <a>alpha</a>
        <b>bravo</b>
      </also-not-the-same>
      <has-spaces>
        <lots-of-spaces>
          <here>yes</here>
        </lots-of-spaces>
        <lots-of-spaces>
          <here>too</here>
        </lots-of-spaces>
      </has-spaces>
      <in-both>
        <interface>
          <name>ge-1/1/1</name>
          <unit>
            <name>1</name>
            <vlan-id>1</vlan-id>
            <family>
              <inet>
                <address>
                  <name>1.1.1.1/30</name>
                </address>
              </inet>
              <mpls>
              </mpls>
            </family>
          </unit>
        </interface>
      </in-both>
    </first>
    <second>
      <not-in-first>
        <yes>sure</yes>
      </not-in-first>
      <in-both>
        <interface>
          <name>ge-1/1/1</name>
          <unit>
            <name>1</name>
            <vlan-id>1</vlan-id>
            <family>
              <inet>
                <address>
                  <name>1.1.1.1/30</name>
                </address>
              </inet>
              <mpls>
              </mpls>
            </family>
          </unit>
        </interface>
      </in-both>
      <has-spaces><lots-of-spaces><here>yes</here></lots-of-spaces>
               <lots-of-spaces><here>too</here></lots-of-spaces>      </has-spaces>

      <not-the-same>
        <a>alpha</a>
        <b>bravo</b>
      </not-the-same>
      <also-not-the-same>
        <a>alpha</a>
        <b>bravo</b>
        <c>charlie</c>
      </also-not-the-same>
    </second>
  </test>

  <test>
    <first>
        <a>5</a>
        <b>6</b>
        <c>7</c>
        <d>8</d>
        <d>9</d>
        <e>
          <f x="a" y="b">10</f>
          <g>12</g>
        </e>
        <e>
          <f>11</f>
          <g>12</g>
        </e>
    </first>
    <second>
        <a>5</a>
        <b>9</b>
        <d>8</d>
        <e>
          <f>10</f>
          <g>11</g>
        </e>
        <e>
          <f x="a" y="b">10</f>
          <g>12</g>
        </e>

    </second>
  </test>

  <test>
    <first>
        <a2>5</a2>
        <b>6</b>
        <c>7</c>
        <d>8</d>
        <d>9</d>
        <e>
          <f x="a" y="b">10</f>
          <g>12</g>
        </e>
        <e>
          <f>11</f>
          <g>12</g>
        </e>
    </first>
    <second>
        <a2>5</a2>
        <b>9</b>
        <d>8</d>
        <e>
          <f>10</f>
          <g>11</g>
        </e>
        <e>
          <f x="a" y="b">10</f>
          <g>12</g>
        </e>

    </second>
  </test>
</data>
